{"/Users/eightshapeskevin/Sites/esds-build/eightshapes-build-tools-config.js":{"path":"/Users/eightshapeskevin/Sites/esds-build/eightshapes-build-tools-config.js","s":{"1":1,"2":1,"3":0,"4":0},"b":{},"f":{"1":0,"2":0},"fnMap":{"1":{"name":"(anonymous_1)","line":7,"loc":{"start":{"line":7,"column":23},"end":{"line":7,"column":37}}},"2":{"name":"(anonymous_2)","line":8,"loc":{"start":{"line":8,"column":33},"end":{"line":8,"column":47}}}},"statementMap":{"1":{"start":{"line":2,"column":0},"end":{"line":2,"column":40}},"2":{"start":{"line":4,"column":0},"end":{"line":36,"column":2}},"3":{"start":{"line":8,"column":8},"end":{"line":10,"column":11}},"4":{"start":{"line":9,"column":10},"end":{"line":9,"column":36}}},"branchMap":{}},"/Users/eightshapeskevin/Sites/esds-build/tasks/config.js":{"path":"/Users/eightshapeskevin/Sites/esds-build/tasks/config.js","s":{"1":1,"2":1,"3":23,"4":23,"5":23,"6":15,"7":8,"8":2,"9":6,"10":1,"11":22,"12":1,"13":21,"14":21,"15":21,"16":21,"17":2,"18":19,"19":1,"20":14,"21":14,"22":14,"23":1,"24":14,"25":14,"26":14,"27":1,"28":14,"29":14,"30":14,"31":1,"32":14,"33":14,"34":1,"35":14,"36":14,"37":9,"38":18,"39":9,"40":9,"41":9,"42":14,"43":1,"44":3,"45":3,"46":3,"47":1,"48":14,"49":14,"50":14,"51":14,"52":18,"53":18,"54":14,"55":1,"56":14,"57":14,"58":14,"59":1,"60":15,"61":15,"62":14,"63":14,"64":14,"65":14,"66":14,"67":14,"68":15,"69":1},"b":{"1":[0,23],"2":[15,8],"3":[2,6],"4":[9,12],"5":[2,19],"6":[9,5],"7":[18,18],"8":[0,3],"9":[14,0],"10":[14,1]},"f":{"1":23,"2":22,"3":21,"4":14,"5":14,"6":14,"7":14,"8":14,"9":3,"10":14,"11":14,"12":15},"fnMap":{"1":{"name":"retrieveProductBuildConfig","line":7,"loc":{"start":{"line":7,"column":0},"end":{"line":7,"column":46}}},"2":{"name":"retrieveDefaultBuildConfig","line":20,"loc":{"start":{"line":20,"column":0},"end":{"line":20,"column":38}}},"3":{"name":"retrieveBuildConfig","line":24,"loc":{"start":{"line":24,"column":0},"end":{"line":24,"column":39}}},"4":{"name":"getStylesConfig","line":39,"loc":{"start":{"line":39,"column":0},"end":{"line":39,"column":38}}},"5":{"name":"getMarkupConfig","line":82,"loc":{"start":{"line":82,"column":0},"end":{"line":82,"column":38}}},"6":{"name":"getScriptsConfig","line":110,"loc":{"start":{"line":110,"column":0},"end":{"line":110,"column":39}}},"7":{"name":"getTokensConfig","line":136,"loc":{"start":{"line":136,"column":0},"end":{"line":136,"column":38}}},"8":{"name":"getDependencyCopyTasks","line":147,"loc":{"start":{"line":147,"column":0},"end":{"line":147,"column":35}}},"9":{"name":"getDependencyConfig","line":168,"loc":{"start":{"line":168,"column":0},"end":{"line":168,"column":51}}},"10":{"name":"getCopyConfig","line":175,"loc":{"start":{"line":175,"column":0},"end":{"line":175,"column":36}}},"11":{"name":"getIconsConfig","line":217,"loc":{"start":{"line":217,"column":0},"end":{"line":217,"column":37}}},"12":{"name":"getTaskConfig","line":236,"loc":{"start":{"line":236,"column":0},"end":{"line":236,"column":33}}}},"statementMap":{"1":{"start":{"line":3,"column":0},"end":{"line":5,"column":31}},"2":{"start":{"line":7,"column":0},"end":{"line":18,"column":1}},"3":{"start":{"line":8,"column":4},"end":{"line":8,"column":74}},"4":{"start":{"line":9,"column":4},"end":{"line":10,"column":87}},"5":{"start":{"line":11,"column":4},"end":{"line":17,"column":5}},"6":{"start":{"line":12,"column":8},"end":{"line":12,"column":37}},"7":{"start":{"line":13,"column":11},"end":{"line":17,"column":5}},"8":{"start":{"line":14,"column":8},"end":{"line":14,"column":39}},"9":{"start":{"line":16,"column":8},"end":{"line":16,"column":18}},"10":{"start":{"line":20,"column":0},"end":{"line":22,"column":1}},"11":{"start":{"line":21,"column":4},"end":{"line":21,"column":97}},"12":{"start":{"line":24,"column":0},"end":{"line":37,"column":1}},"13":{"start":{"line":25,"column":4},"end":{"line":25,"column":74}},"14":{"start":{"line":26,"column":4},"end":{"line":27,"column":84}},"15":{"start":{"line":29,"column":4},"end":{"line":30,"column":68}},"16":{"start":{"line":32,"column":4},"end":{"line":36,"column":5}},"17":{"start":{"line":33,"column":8},"end":{"line":33,"column":29}},"18":{"start":{"line":35,"column":8},"end":{"line":35,"column":27}},"19":{"start":{"line":39,"column":0},"end":{"line":80,"column":1}},"20":{"start":{"line":40,"column":4},"end":{"line":67,"column":10}},"21":{"start":{"line":69,"column":4},"end":{"line":69,"column":30}},"22":{"start":{"line":72,"column":4},"end":{"line":79,"column":6}},"23":{"start":{"line":82,"column":0},"end":{"line":108,"column":1}},"24":{"start":{"line":83,"column":4},"end":{"line":96,"column":10}},"25":{"start":{"line":98,"column":4},"end":{"line":98,"column":30}},"26":{"start":{"line":100,"column":4},"end":{"line":107,"column":6}},"27":{"start":{"line":110,"column":0},"end":{"line":134,"column":1}},"28":{"start":{"line":111,"column":4},"end":{"line":123,"column":10}},"29":{"start":{"line":125,"column":4},"end":{"line":125,"column":30}},"30":{"start":{"line":127,"column":4},"end":{"line":133,"column":6}},"31":{"start":{"line":136,"column":0},"end":{"line":145,"column":1}},"32":{"start":{"line":137,"column":4},"end":{"line":137,"column":26}},"33":{"start":{"line":139,"column":4},"end":{"line":144,"column":6}},"34":{"start":{"line":147,"column":0},"end":{"line":166,"column":1}},"35":{"start":{"line":148,"column":4},"end":{"line":148,"column":21}},"36":{"start":{"line":149,"column":4},"end":{"line":163,"column":5}},"37":{"start":{"line":150,"column":8},"end":{"line":150,"column":92}},"38":{"start":{"line":150,"column":59},"end":{"line":150,"column":90}},"39":{"start":{"line":152,"column":8},"end":{"line":162,"column":11}},"40":{"start":{"line":153,"column":12},"end":{"line":159,"column":18}},"41":{"start":{"line":161,"column":12},"end":{"line":161,"column":29}},"42":{"start":{"line":165,"column":4},"end":{"line":165,"column":17}},"43":{"start":{"line":168,"column":0},"end":{"line":173,"column":1}},"44":{"start":{"line":169,"column":4},"end":{"line":169,"column":106}},"45":{"start":{"line":170,"column":4},"end":{"line":171,"column":85}},"46":{"start":{"line":172,"column":4},"end":{"line":172,"column":41}},"47":{"start":{"line":175,"column":0},"end":{"line":215,"column":1}},"48":{"start":{"line":176,"column":4},"end":{"line":194,"column":10}},"49":{"start":{"line":196,"column":4},"end":{"line":196,"column":66}},"50":{"start":{"line":199,"column":4},"end":{"line":209,"column":5}},"51":{"start":{"line":200,"column":8},"end":{"line":208,"column":11}},"52":{"start":{"line":201,"column":12},"end":{"line":205,"column":14}},"53":{"start":{"line":207,"column":12},"end":{"line":207,"column":29}},"54":{"start":{"line":211,"column":4},"end":{"line":214,"column":6}},"55":{"start":{"line":217,"column":0},"end":{"line":234,"column":1}},"56":{"start":{"line":218,"column":4},"end":{"line":227,"column":10}},"57":{"start":{"line":229,"column":4},"end":{"line":229,"column":30}},"58":{"start":{"line":231,"column":4},"end":{"line":233,"column":6}},"59":{"start":{"line":236,"column":0},"end":{"line":249,"column":1}},"60":{"start":{"line":237,"column":4},"end":{"line":237,"column":52}},"61":{"start":{"line":239,"column":4},"end":{"line":246,"column":5}},"62":{"start":{"line":240,"column":8},"end":{"line":240,"column":54}},"63":{"start":{"line":241,"column":8},"end":{"line":241,"column":56}},"64":{"start":{"line":242,"column":8},"end":{"line":242,"column":58}},"65":{"start":{"line":243,"column":8},"end":{"line":243,"column":60}},"66":{"start":{"line":244,"column":8},"end":{"line":244,"column":58}},"67":{"start":{"line":245,"column":8},"end":{"line":245,"column":58}},"68":{"start":{"line":248,"column":4},"end":{"line":248,"column":23}},"69":{"start":{"line":251,"column":0},"end":{"line":257,"column":2}}},"branchMap":{"1":{"line":8,"type":"cond-expr","locations":[{"start":{"line":8,"column":49},"end":{"line":8,"column":62}},{"start":{"line":8,"column":65},"end":{"line":8,"column":73}}]},"2":{"line":11,"type":"if","locations":[{"start":{"line":11,"column":4},"end":{"line":11,"column":4}},{"start":{"line":11,"column":4},"end":{"line":11,"column":4}}]},"3":{"line":13,"type":"if","locations":[{"start":{"line":13,"column":11},"end":{"line":13,"column":11}},{"start":{"line":13,"column":11},"end":{"line":13,"column":11}}]},"4":{"line":25,"type":"cond-expr","locations":[{"start":{"line":25,"column":49},"end":{"line":25,"column":62}},{"start":{"line":25,"column":65},"end":{"line":25,"column":73}}]},"5":{"line":32,"type":"if","locations":[{"start":{"line":32,"column":4},"end":{"line":32,"column":4}},{"start":{"line":32,"column":4},"end":{"line":32,"column":4}}]},"6":{"line":149,"type":"if","locations":[{"start":{"line":149,"column":4},"end":{"line":149,"column":4}},{"start":{"line":149,"column":4},"end":{"line":149,"column":4}}]},"7":{"line":150,"type":"binary-expr","locations":[{"start":{"line":150,"column":59},"end":{"line":150,"column":67}},{"start":{"line":150,"column":71},"end":{"line":150,"column":90}}]},"8":{"line":169,"type":"cond-expr","locations":[{"start":{"line":169,"column":60},"end":{"line":169,"column":68}},{"start":{"line":169,"column":71},"end":{"line":169,"column":105}}]},"9":{"line":199,"type":"if","locations":[{"start":{"line":199,"column":4},"end":{"line":199,"column":4}},{"start":{"line":199,"column":4},"end":{"line":199,"column":4}}]},"10":{"line":239,"type":"if","locations":[{"start":{"line":239,"column":4},"end":{"line":239,"column":4}},{"start":{"line":239,"column":4},"end":{"line":239,"column":4}}]}}},"/Users/eightshapeskevin/Sites/esds-build/default_templates/eightshapes-build-tools-config-default.js":{"path":"/Users/eightshapeskevin/Sites/esds-build/default_templates/eightshapes-build-tools-config-default.js","s":{"1":1,"2":1,"3":1,"4":1,"5":1,"6":0,"7":1,"8":1,"9":1,"10":1,"11":1,"12":1},"b":{"1":[1,0]},"f":{"1":1},"fnMap":{"1":{"name":"makeSafeForCss","line":11,"loc":{"start":{"line":11,"column":0},"end":{"line":11,"column":30}}}},"statementMap":{"1":{"start":{"line":2,"column":0},"end":{"line":5,"column":65}},"2":{"start":{"line":7,"column":0},"end":{"line":9,"column":64}},"3":{"start":{"line":11,"column":0},"end":{"line":17,"column":1}},"4":{"start":{"line":12,"column":4},"end":{"line":12,"column":51}},"5":{"start":{"line":13,"column":4},"end":{"line":15,"column":5}},"6":{"start":{"line":14,"column":8},"end":{"line":14,"column":41}},"7":{"start":{"line":16,"column":4},"end":{"line":16,"column":20}},"8":{"start":{"line":19,"column":0},"end":{"line":23,"column":1}},"9":{"start":{"line":20,"column":4},"end":{"line":20,"column":43}},"10":{"start":{"line":21,"column":4},"end":{"line":21,"column":35}},"11":{"start":{"line":22,"column":4},"end":{"line":22,"column":60}},"12":{"start":{"line":25,"column":0},"end":{"line":76,"column":2}}},"branchMap":{"1":{"line":19,"type":"if","locations":[{"start":{"line":19,"column":0},"end":{"line":19,"column":0}},{"start":{"line":19,"column":0},"end":{"line":19,"column":0}}]}}},"/Users/eightshapeskevin/Sites/esds-build/tasks/tokens.js":{"path":"/Users/eightshapeskevin/Sites/esds-build/tasks/tokens.js","s":{"1":1,"2":1,"3":2,"4":2,"5":2,"6":2,"7":2,"8":0,"9":0,"10":2,"11":1,"12":2,"13":2,"14":2,"15":0,"16":0,"17":0,"18":0,"19":0,"20":0,"21":2,"22":1,"23":1,"24":0,"25":1,"26":1,"27":1,"28":0,"29":0,"30":0,"31":0,"32":0,"33":0,"34":1,"35":0,"36":0,"37":0,"38":0,"39":0,"40":0,"41":0,"42":0,"43":0,"44":1,"45":1,"46":0,"47":0,"48":0,"49":0,"50":0,"51":0,"52":0,"53":0,"54":0,"55":0,"56":1,"57":1,"58":0,"59":1,"60":0,"61":1},"b":{"1":[0,2],"2":[2,1],"3":[0,0],"4":[0,1],"5":[0,0],"6":[0,0],"7":[0,0],"8":[0,1],"9":[0,0]},"f":{"1":2,"2":2,"3":0,"4":0,"5":1,"6":0,"7":0,"8":1,"9":0,"10":0},"fnMap":{"1":{"name":"tokensToJson","line":14,"loc":{"start":{"line":14,"column":0},"end":{"line":14,"column":34}}},"2":{"name":"interpolateYamlVariables","line":30,"loc":{"start":{"line":30,"column":0},"end":{"line":30,"column":52}}},"3":{"name":"(anonymous_3)","line":34,"loc":{"start":{"line":34,"column":31},"end":{"line":34,"column":50}}},"4":{"name":"(anonymous_4)","line":39,"loc":{"start":{"line":39,"column":30},"end":{"line":39,"column":43}}},"5":{"name":"tokensSourceFileExists","line":50,"loc":{"start":{"line":50,"column":0},"end":{"line":50,"column":44}}},"6":{"name":"writeTokensJsonFile","line":60,"loc":{"start":{"line":60,"column":0},"end":{"line":60,"column":37}}},"7":{"name":"writeTokensScssFile","line":75,"loc":{"start":{"line":75,"column":0},"end":{"line":75,"column":37}}},"8":{"name":"convertTokensYaml","line":96,"loc":{"start":{"line":96,"column":0},"end":{"line":96,"column":45}}},"9":{"name":"(anonymous_9)","line":117,"loc":{"start":{"line":117,"column":69},"end":{"line":117,"column":83}}},"10":{"name":"(anonymous_10)","line":121,"loc":{"start":{"line":121,"column":69},"end":{"line":121,"column":79}}}},"statementMap":{"1":{"start":{"line":3,"column":0},"end":{"line":12,"column":31}},"2":{"start":{"line":14,"column":0},"end":{"line":28,"column":1}},"3":{"start":{"line":15,"column":4},"end":{"line":16,"column":21}},"4":{"start":{"line":17,"column":4},"end":{"line":26,"column":5}},"5":{"start":{"line":18,"column":8},"end":{"line":18,"column":45}},"6":{"start":{"line":19,"column":8},"end":{"line":19,"column":62}},"7":{"start":{"line":20,"column":8},"end":{"line":22,"column":9}},"8":{"start":{"line":21,"column":12},"end":{"line":21,"column":34}},"9":{"start":{"line":25,"column":8},"end":{"line":25,"column":87}},"10":{"start":{"line":27,"column":4},"end":{"line":27,"column":18}},"11":{"start":{"line":30,"column":0},"end":{"line":48,"column":1}},"12":{"start":{"line":31,"column":4},"end":{"line":31,"column":32}},"13":{"start":{"line":32,"column":4},"end":{"line":32,"column":48}},"14":{"start":{"line":34,"column":4},"end":{"line":46,"column":7}},"15":{"start":{"line":35,"column":8},"end":{"line":37,"column":52}},"16":{"start":{"line":39,"column":8},"end":{"line":44,"column":11}},"17":{"start":{"line":40,"column":12},"end":{"line":43,"column":13}},"18":{"start":{"line":41,"column":16},"end":{"line":41,"column":50}},"19":{"start":{"line":42,"column":16},"end":{"line":42,"column":45}},"20":{"start":{"line":45,"column":8},"end":{"line":45,"column":21}},"21":{"start":{"line":47,"column":4},"end":{"line":47,"column":28}},"22":{"start":{"line":50,"column":0},"end":{"line":58,"column":1}},"23":{"start":{"line":51,"column":4},"end":{"line":57,"column":5}},"24":{"start":{"line":52,"column":8},"end":{"line":52,"column":20}},"25":{"start":{"line":55,"column":8},"end":{"line":55,"column":85}},"26":{"start":{"line":56,"column":8},"end":{"line":56,"column":21}},"27":{"start":{"line":60,"column":0},"end":{"line":73,"column":1}},"28":{"start":{"line":61,"column":4},"end":{"line":62,"column":89}},"29":{"start":{"line":64,"column":4},"end":{"line":64,"column":24}},"30":{"start":{"line":65,"column":8},"end":{"line":65,"column":76}},"31":{"start":{"line":68,"column":4},"end":{"line":70,"column":5}},"32":{"start":{"line":69,"column":8},"end":{"line":69,"column":44}},"33":{"start":{"line":72,"column":4},"end":{"line":72,"column":81}},"34":{"start":{"line":75,"column":0},"end":{"line":94,"column":1}},"35":{"start":{"line":76,"column":4},"end":{"line":77,"column":89}},"36":{"start":{"line":78,"column":4},"end":{"line":80,"column":34}},"37":{"start":{"line":83,"column":4},"end":{"line":92,"column":5}},"38":{"start":{"line":84,"column":8},"end":{"line":85,"column":68}},"39":{"start":{"line":86,"column":8},"end":{"line":88,"column":9}},"40":{"start":{"line":87,"column":12},"end":{"line":87,"column":25}},"41":{"start":{"line":89,"column":8},"end":{"line":89,"column":42}},"42":{"start":{"line":91,"column":8},"end":{"line":91,"column":68}},"43":{"start":{"line":93,"column":4},"end":{"line":93,"column":47}},"44":{"start":{"line":96,"column":0},"end":{"line":115,"column":1}},"45":{"start":{"line":97,"column":4},"end":{"line":114,"column":5}},"46":{"start":{"line":98,"column":8},"end":{"line":98,"column":46}},"47":{"start":{"line":99,"column":8},"end":{"line":110,"column":11}},"48":{"start":{"line":100,"column":12},"end":{"line":109,"column":13}},"49":{"start":{"line":102,"column":20},"end":{"line":102,"column":55}},"50":{"start":{"line":103,"column":20},"end":{"line":103,"column":48}},"51":{"start":{"line":104,"column":20},"end":{"line":104,"column":26}},"52":{"start":{"line":106,"column":20},"end":{"line":106,"column":67}},"53":{"start":{"line":107,"column":20},"end":{"line":107,"column":48}},"54":{"start":{"line":108,"column":20},"end":{"line":108,"column":26}},"55":{"start":{"line":111,"column":8},"end":{"line":111,"column":15}},"56":{"start":{"line":113,"column":8},"end":{"line":113,"column":15}},"57":{"start":{"line":117,"column":0},"end":{"line":119,"column":3}},"58":{"start":{"line":118,"column":4},"end":{"line":118,"column":52}},"59":{"start":{"line":121,"column":0},"end":{"line":123,"column":3}},"60":{"start":{"line":122,"column":4},"end":{"line":122,"column":120}},"61":{"start":{"line":125,"column":0},"end":{"line":128,"column":2}}},"branchMap":{"1":{"line":20,"type":"if","locations":[{"start":{"line":20,"column":8},"end":{"line":20,"column":8}},{"start":{"line":20,"column":8},"end":{"line":20,"column":8}}]},"2":{"line":20,"type":"binary-expr","locations":[{"start":{"line":20,"column":12},"end":{"line":20,"column":33}},{"start":{"line":20,"column":37},"end":{"line":20,"column":69}}]},"3":{"line":40,"type":"if","locations":[{"start":{"line":40,"column":12},"end":{"line":40,"column":12}},{"start":{"line":40,"column":12},"end":{"line":40,"column":12}}]},"4":{"line":51,"type":"if","locations":[{"start":{"line":51,"column":4},"end":{"line":51,"column":4}},{"start":{"line":51,"column":4},"end":{"line":51,"column":4}}]},"5":{"line":68,"type":"if","locations":[{"start":{"line":68,"column":4},"end":{"line":68,"column":4}},{"start":{"line":68,"column":4},"end":{"line":68,"column":4}}]},"6":{"line":86,"type":"if","locations":[{"start":{"line":86,"column":8},"end":{"line":86,"column":8}},{"start":{"line":86,"column":8},"end":{"line":86,"column":8}}]},"7":{"line":86,"type":"binary-expr","locations":[{"start":{"line":86,"column":12},"end":{"line":86,"column":29}},{"start":{"line":86,"column":33},"end":{"line":86,"column":68}}]},"8":{"line":97,"type":"if","locations":[{"start":{"line":97,"column":4},"end":{"line":97,"column":4}},{"start":{"line":97,"column":4},"end":{"line":97,"column":4}}]},"9":{"line":100,"type":"switch","locations":[{"start":{"line":101,"column":16},"end":{"line":104,"column":26}},{"start":{"line":105,"column":16},"end":{"line":108,"column":26}}]}}},"/Users/eightshapeskevin/Sites/esds-build/tasks/generate.js":{"path":"/Users/eightshapeskevin/Sites/esds-build/tasks/generate.js","s":{"1":1,"2":1,"3":1,"4":1,"5":11,"6":1,"7":1,"8":1,"9":1,"10":1,"11":1,"12":1,"13":0,"14":0,"15":1,"16":0,"17":0,"18":1,"19":1,"20":1,"21":0,"22":1,"23":1,"24":1,"25":1,"26":1,"27":1,"28":1,"29":1,"30":1,"31":1,"32":1,"33":1,"34":1,"35":1,"36":1,"37":1,"38":0,"39":0,"40":0,"41":0,"42":1},"b":{"1":[0,1],"2":[1,0],"3":[1,0]},"f":{"1":1,"2":1,"3":0,"4":0,"5":1,"6":0,"7":0},"fnMap":{"1":{"name":"createTopLevelDirectories","line":13,"loc":{"start":{"line":13,"column":0},"end":{"line":13,"column":45}}},"2":{"name":"copyDefaultConfig","line":35,"loc":{"start":{"line":35,"column":0},"end":{"line":35,"column":37}}},"3":{"name":"(anonymous_3)","line":42,"loc":{"start":{"line":42,"column":31},"end":{"line":42,"column":45}}},"4":{"name":"(anonymous_4)","line":47,"loc":{"start":{"line":47,"column":37},"end":{"line":47,"column":51}}},"5":{"name":"generateComponentFiles","line":53,"loc":{"start":{"line":53,"column":0},"end":{"line":53,"column":51}}},"6":{"name":"(anonymous_6)","line":101,"loc":{"start":{"line":101,"column":36},"end":{"line":101,"column":50}}},"7":{"name":"(anonymous_7)","line":114,"loc":{"start":{"line":114,"column":43},"end":{"line":114,"column":61}}}},"statementMap":{"1":{"start":{"line":3,"column":0},"end":{"line":11,"column":41}},"2":{"start":{"line":13,"column":0},"end":{"line":33,"column":1}},"3":{"start":{"line":15,"column":4},"end":{"line":27,"column":6}},"4":{"start":{"line":29,"column":4},"end":{"line":29,"column":78}},"5":{"start":{"line":29,"column":39},"end":{"line":29,"column":76}},"6":{"start":{"line":31,"column":4},"end":{"line":31,"column":98}},"7":{"start":{"line":32,"column":4},"end":{"line":32,"column":98}},"8":{"start":{"line":35,"column":0},"end":{"line":40,"column":1}},"9":{"start":{"line":36,"column":4},"end":{"line":37,"column":87}},"10":{"start":{"line":38,"column":4},"end":{"line":38,"column":26}},"11":{"start":{"line":39,"column":4},"end":{"line":39,"column":53}},"12":{"start":{"line":42,"column":0},"end":{"line":45,"column":3}},"13":{"start":{"line":43,"column":4},"end":{"line":43,"column":42}},"14":{"start":{"line":44,"column":4},"end":{"line":44,"column":11}},"15":{"start":{"line":47,"column":0},"end":{"line":50,"column":3}},"16":{"start":{"line":48,"column":4},"end":{"line":48,"column":34}},"17":{"start":{"line":49,"column":4},"end":{"line":49,"column":11}},"18":{"start":{"line":53,"column":0},"end":{"line":98,"column":1}},"19":{"start":{"line":54,"column":4},"end":{"line":62,"column":126}},"20":{"start":{"line":64,"column":4},"end":{"line":97,"column":5}},"21":{"start":{"line":66,"column":8},"end":{"line":66,"column":106}},"22":{"start":{"line":69,"column":8},"end":{"line":69,"column":40}},"23":{"start":{"line":72,"column":8},"end":{"line":72,"column":89}},"24":{"start":{"line":74,"column":8},"end":{"line":74,"column":64}},"25":{"start":{"line":75,"column":8},"end":{"line":75,"column":58}},"26":{"start":{"line":78,"column":8},"end":{"line":78,"column":54}},"27":{"start":{"line":79,"column":8},"end":{"line":79,"column":58}},"28":{"start":{"line":82,"column":8},"end":{"line":85,"column":9}},"29":{"start":{"line":83,"column":12},"end":{"line":83,"column":59}},"30":{"start":{"line":84,"column":12},"end":{"line":84,"column":63}},"31":{"start":{"line":88,"column":8},"end":{"line":88,"column":69}},"32":{"start":{"line":90,"column":8},"end":{"line":92,"column":9}},"33":{"start":{"line":91,"column":12},"end":{"line":91,"column":48}},"34":{"start":{"line":93,"column":8},"end":{"line":93,"column":65}},"35":{"start":{"line":94,"column":8},"end":{"line":94,"column":56}},"36":{"start":{"line":96,"column":8},"end":{"line":96,"column":116}},"37":{"start":{"line":101,"column":0},"end":{"line":118,"column":3}},"38":{"start":{"line":102,"column":4},"end":{"line":112,"column":15}},"39":{"start":{"line":114,"column":4},"end":{"line":117,"column":7}},"40":{"start":{"line":115,"column":8},"end":{"line":115,"column":52}},"41":{"start":{"line":116,"column":8},"end":{"line":116,"column":15}},"42":{"start":{"line":121,"column":0},"end":{"line":125,"column":2}}},"branchMap":{"1":{"line":64,"type":"if","locations":[{"start":{"line":64,"column":4},"end":{"line":64,"column":4}},{"start":{"line":64,"column":4},"end":{"line":64,"column":4}}]},"2":{"line":82,"type":"if","locations":[{"start":{"line":82,"column":8},"end":{"line":82,"column":8}},{"start":{"line":82,"column":8},"end":{"line":82,"column":8}}]},"3":{"line":90,"type":"if","locations":[{"start":{"line":90,"column":8},"end":{"line":90,"column":8}},{"start":{"line":90,"column":8},"end":{"line":90,"column":8}}]}}},"/Users/eightshapeskevin/Sites/esds-build/tasks/scripts.js":{"path":"/Users/eightshapeskevin/Sites/esds-build/tasks/scripts.js","s":{"1":1,"2":1,"3":1,"4":1,"5":1,"6":1,"7":2,"8":2,"9":2,"10":2,"11":1,"12":1,"13":2,"14":1,"15":1,"16":0,"17":1,"18":1,"19":1,"20":0,"21":1,"22":1,"23":1,"24":1,"25":0,"26":1,"27":1,"28":1,"29":1,"30":1,"31":1,"32":1,"33":1,"34":1,"35":1},"b":{"1":[2,0],"2":[1,1],"3":[2,2]},"f":{"1":2,"2":1,"3":0,"4":1,"5":0,"6":1,"7":1,"8":0,"9":1},"fnMap":{"1":{"name":"getLintOptions","line":20,"loc":{"start":{"line":20,"column":0},"end":{"line":20,"column":27}}},"2":{"name":"generateConcatenateTask","line":33,"loc":{"start":{"line":33,"column":0},"end":{"line":33,"column":36}}},"3":{"name":"(anonymous_3)","line":34,"loc":{"start":{"line":34,"column":46},"end":{"line":34,"column":57}}},"4":{"name":"generateLintTask","line":42,"loc":{"start":{"line":42,"column":0},"end":{"line":42,"column":29}}},"5":{"name":"(anonymous_5)","line":45,"loc":{"start":{"line":45,"column":44},"end":{"line":45,"column":56}}},"6":{"name":"generateBuildTask","line":52,"loc":{"start":{"line":52,"column":0},"end":{"line":52,"column":30}}},"7":{"name":"generateWatchTask","line":56,"loc":{"start":{"line":56,"column":0},"end":{"line":56,"column":30}}},"8":{"name":"(anonymous_8)","line":57,"loc":{"start":{"line":57,"column":45},"end":{"line":57,"column":55}}},"9":{"name":"(anonymous_9)","line":63,"loc":{"start":{"line":63,"column":20},"end":{"line":63,"column":31}}}},"statementMap":{"1":{"start":{"line":3,"column":0},"end":{"line":18,"column":73}},"2":{"start":{"line":15,"column":48},"end":{"line":15,"column":78}},"3":{"start":{"line":16,"column":41},"end":{"line":16,"column":69}},"4":{"start":{"line":17,"column":42},"end":{"line":17,"column":71}},"5":{"start":{"line":18,"column":42},"end":{"line":18,"column":71}},"6":{"start":{"line":20,"column":0},"end":{"line":31,"column":1}},"7":{"start":{"line":21,"column":4},"end":{"line":21,"column":25}},"8":{"start":{"line":22,"column":4},"end":{"line":24,"column":5}},"9":{"start":{"line":23,"column":8},"end":{"line":23,"column":36}},"10":{"start":{"line":25,"column":4},"end":{"line":29,"column":5}},"11":{"start":{"line":27,"column":8},"end":{"line":27,"column":97}},"12":{"start":{"line":28,"column":8},"end":{"line":28,"column":38}},"13":{"start":{"line":30,"column":4},"end":{"line":30,"column":23}},"14":{"start":{"line":33,"column":0},"end":{"line":40,"column":1}},"15":{"start":{"line":34,"column":4},"end":{"line":39,"column":7}},"16":{"start":{"line":35,"column":8},"end":{"line":38,"column":43}},"17":{"start":{"line":42,"column":0},"end":{"line":50,"column":1}},"18":{"start":{"line":43,"column":4},"end":{"line":43,"column":40}},"19":{"start":{"line":45,"column":4},"end":{"line":49,"column":7}},"20":{"start":{"line":46,"column":6},"end":{"line":48,"column":60}},"21":{"start":{"line":52,"column":0},"end":{"line":54,"column":1}},"22":{"start":{"line":53,"column":4},"end":{"line":53,"column":120}},"23":{"start":{"line":56,"column":0},"end":{"line":60,"column":1}},"24":{"start":{"line":57,"column":4},"end":{"line":59,"column":7}},"25":{"start":{"line":58,"column":8},"end":{"line":58,"column":85}},"26":{"start":{"line":63,"column":0},"end":{"line":68,"column":3}},"27":{"start":{"line":64,"column":4},"end":{"line":64,"column":24}},"28":{"start":{"line":65,"column":4},"end":{"line":65,"column":31}},"29":{"start":{"line":66,"column":4},"end":{"line":66,"column":25}},"30":{"start":{"line":67,"column":4},"end":{"line":67,"column":25}},"31":{"start":{"line":71,"column":0},"end":{"line":71,"column":69}},"32":{"start":{"line":74,"column":0},"end":{"line":74,"column":60}},"33":{"start":{"line":77,"column":0},"end":{"line":77,"column":62}},"34":{"start":{"line":80,"column":0},"end":{"line":80,"column":62}},"35":{"start":{"line":82,"column":0},"end":{"line":84,"column":2}}},"branchMap":{"1":{"line":22,"type":"if","locations":[{"start":{"line":22,"column":4},"end":{"line":22,"column":4}},{"start":{"line":22,"column":4},"end":{"line":22,"column":4}}]},"2":{"line":25,"type":"if","locations":[{"start":{"line":25,"column":4},"end":{"line":25,"column":4}},{"start":{"line":25,"column":4},"end":{"line":25,"column":4}}]},"3":{"line":25,"type":"binary-expr","locations":[{"start":{"line":25,"column":8},"end":{"line":25,"column":30}},{"start":{"line":25,"column":34},"end":{"line":25,"column":72}}]}}},"/Users/eightshapeskevin/Sites/esds-build/tasks/styles.js":{"path":"/Users/eightshapeskevin/Sites/esds-build/tasks/styles.js","s":{"1":1,"2":1,"3":1,"4":1,"5":1,"6":1,"7":2,"8":2,"9":2,"10":2,"11":1,"12":1,"13":2,"14":1,"15":1,"16":1,"17":0,"18":1,"19":1,"20":1,"21":1,"22":1,"23":0,"24":1,"25":1,"26":0,"27":0,"28":0,"29":0,"30":0,"31":1,"32":1,"33":0,"34":1,"35":1,"36":1,"37":1,"38":1,"39":1,"40":1,"41":1,"42":1,"43":1,"44":1,"45":1,"46":1,"47":1,"48":1,"49":1,"50":1},"b":{"1":[2,0],"2":[1,1],"3":[2,2],"4":[1,0],"5":[0,0],"6":[1,0]},"f":{"1":2,"2":1,"3":0,"4":1,"5":0,"6":1,"7":0,"8":1,"9":0,"10":1,"11":1},"fnMap":{"1":{"name":"getLintOptions","line":26,"loc":{"start":{"line":26,"column":0},"end":{"line":26,"column":27}}},"2":{"name":"generateLintTask","line":39,"loc":{"start":{"line":39,"column":0},"end":{"line":39,"column":29}}},"3":{"name":"(anonymous_3)","line":42,"loc":{"start":{"line":42,"column":44},"end":{"line":42,"column":56}}},"4":{"name":"generateCompileTask","line":49,"loc":{"start":{"line":49,"column":0},"end":{"line":49,"column":32}}},"5":{"name":"(anonymous_5)","line":56,"loc":{"start":{"line":56,"column":47},"end":{"line":56,"column":57}}},"6":{"name":"generatePostprocessTask","line":64,"loc":{"start":{"line":64,"column":0},"end":{"line":64,"column":36}}},"7":{"name":"(anonymous_7)","line":65,"loc":{"start":{"line":65,"column":51},"end":{"line":65,"column":62}}},"8":{"name":"generateWatchTask","line":80,"loc":{"start":{"line":80,"column":0},"end":{"line":80,"column":30}}},"9":{"name":"(anonymous_9)","line":81,"loc":{"start":{"line":81,"column":45},"end":{"line":81,"column":55}}},"10":{"name":"generateBuildTask","line":86,"loc":{"start":{"line":86,"column":0},"end":{"line":86,"column":30}}},"11":{"name":"(anonymous_11)","line":95,"loc":{"start":{"line":95,"column":19},"end":{"line":95,"column":30}}}},"statementMap":{"1":{"start":{"line":3,"column":0},"end":{"line":24,"column":78}},"2":{"start":{"line":21,"column":44},"end":{"line":21,"column":76}},"3":{"start":{"line":22,"column":46},"end":{"line":22,"column":80}},"4":{"start":{"line":23,"column":43},"end":{"line":23,"column":74}},"5":{"start":{"line":24,"column":44},"end":{"line":24,"column":76}},"6":{"start":{"line":26,"column":0},"end":{"line":37,"column":1}},"7":{"start":{"line":27,"column":4},"end":{"line":27,"column":29}},"8":{"start":{"line":28,"column":4},"end":{"line":30,"column":5}},"9":{"start":{"line":29,"column":8},"end":{"line":29,"column":40}},"10":{"start":{"line":31,"column":4},"end":{"line":35,"column":5}},"11":{"start":{"line":33,"column":8},"end":{"line":33,"column":104}},"12":{"start":{"line":34,"column":8},"end":{"line":34,"column":42}},"13":{"start":{"line":36,"column":4},"end":{"line":36,"column":27}},"14":{"start":{"line":39,"column":0},"end":{"line":47,"column":1}},"15":{"start":{"line":40,"column":4},"end":{"line":40,"column":44}},"16":{"start":{"line":42,"column":4},"end":{"line":46,"column":7}},"17":{"start":{"line":43,"column":6},"end":{"line":45,"column":33}},"18":{"start":{"line":49,"column":0},"end":{"line":62,"column":1}},"19":{"start":{"line":50,"column":4},"end":{"line":50,"column":32}},"20":{"start":{"line":52,"column":4},"end":{"line":54,"column":5}},"21":{"start":{"line":53,"column":8},"end":{"line":53,"column":63}},"22":{"start":{"line":56,"column":4},"end":{"line":61,"column":7}},"23":{"start":{"line":57,"column":8},"end":{"line":60,"column":43}},"24":{"start":{"line":64,"column":0},"end":{"line":78,"column":1}},"25":{"start":{"line":65,"column":4},"end":{"line":77,"column":7}},"26":{"start":{"line":66,"column":8},"end":{"line":66,"column":37}},"27":{"start":{"line":67,"column":8},"end":{"line":69,"column":9}},"28":{"start":{"line":68,"column":12},"end":{"line":68,"column":56}},"29":{"start":{"line":71,"column":8},"end":{"line":73,"column":10}},"30":{"start":{"line":74,"column":8},"end":{"line":76,"column":43}},"31":{"start":{"line":80,"column":0},"end":{"line":84,"column":1}},"32":{"start":{"line":81,"column":4},"end":{"line":83,"column":7}},"33":{"start":{"line":82,"column":8},"end":{"line":82,"column":84}},"34":{"start":{"line":86,"column":0},"end":{"line":92,"column":1}},"35":{"start":{"line":87,"column":4},"end":{"line":91,"column":58}},"36":{"start":{"line":95,"column":0},"end":{"line":106,"column":3}},"37":{"start":{"line":96,"column":4},"end":{"line":96,"column":38}},"38":{"start":{"line":98,"column":4},"end":{"line":100,"column":5}},"39":{"start":{"line":99,"column":8},"end":{"line":99,"column":28}},"40":{"start":{"line":102,"column":4},"end":{"line":102,"column":27}},"41":{"start":{"line":103,"column":4},"end":{"line":103,"column":31}},"42":{"start":{"line":104,"column":4},"end":{"line":104,"column":25}},"43":{"start":{"line":105,"column":4},"end":{"line":105,"column":25}},"44":{"start":{"line":109,"column":0},"end":{"line":109,"column":60}},"45":{"start":{"line":112,"column":0},"end":{"line":112,"column":66}},"46":{"start":{"line":115,"column":0},"end":{"line":115,"column":62}},"47":{"start":{"line":118,"column":0},"end":{"line":118,"column":76}},"48":{"start":{"line":121,"column":0},"end":{"line":121,"column":44}},"49":{"start":{"line":122,"column":0},"end":{"line":122,"column":62}},"50":{"start":{"line":124,"column":0},"end":{"line":126,"column":2}}},"branchMap":{"1":{"line":28,"type":"if","locations":[{"start":{"line":28,"column":4},"end":{"line":28,"column":4}},{"start":{"line":28,"column":4},"end":{"line":28,"column":4}}]},"2":{"line":31,"type":"if","locations":[{"start":{"line":31,"column":4},"end":{"line":31,"column":4}},{"start":{"line":31,"column":4},"end":{"line":31,"column":4}}]},"3":{"line":31,"type":"binary-expr","locations":[{"start":{"line":31,"column":8},"end":{"line":31,"column":34}},{"start":{"line":31,"column":38},"end":{"line":31,"column":80}}]},"4":{"line":52,"type":"if","locations":[{"start":{"line":52,"column":4},"end":{"line":52,"column":4}},{"start":{"line":52,"column":4},"end":{"line":52,"column":4}}]},"5":{"line":67,"type":"if","locations":[{"start":{"line":67,"column":8},"end":{"line":67,"column":8}},{"start":{"line":67,"column":8},"end":{"line":67,"column":8}}]},"6":{"line":98,"type":"if","locations":[{"start":{"line":98,"column":4},"end":{"line":98,"column":4}},{"start":{"line":98,"column":4},"end":{"line":98,"column":4}}]}}}}