TN:
SF:/Users/eightshapeskevin/Sites/esds-build/eightshapes-build-tools-config.js
FN:7,(anonymous_1)
FN:8,(anonymous_2)
FNF:2
FNH:0
FNDA:0,(anonymous_1)
FNDA:0,(anonymous_2)
DA:2,1
DA:4,1
DA:8,0
DA:9,0
LF:4
LH:2
BRF:0
BRH:0
end_of_record
TN:
SF:/Users/eightshapeskevin/Sites/esds-build/tasks/config.js
FN:7,retrieveProductBuildConfig
FN:20,retrieveDefaultBuildConfig
FN:24,retrieveBuildConfig
FN:39,getStylesConfig
FN:82,getMarkupConfig
FN:110,getScriptsConfig
FN:136,getTokensConfig
FN:147,getDependencyCopyTasks
FN:168,getDependencyConfig
FN:175,getCopyConfig
FN:217,getIconsConfig
FN:236,getTaskConfig
FNF:12
FNH:12
FNDA:23,retrieveProductBuildConfig
FNDA:22,retrieveDefaultBuildConfig
FNDA:21,retrieveBuildConfig
FNDA:14,getStylesConfig
FNDA:14,getMarkupConfig
FNDA:14,getScriptsConfig
FNDA:14,getTokensConfig
FNDA:14,getDependencyCopyTasks
FNDA:3,getDependencyConfig
FNDA:14,getCopyConfig
FNDA:14,getIconsConfig
FNDA:15,getTaskConfig
DA:3,1
DA:7,1
DA:8,23
DA:9,23
DA:11,23
DA:12,15
DA:13,8
DA:14,2
DA:16,6
DA:20,1
DA:21,22
DA:24,1
DA:25,21
DA:26,21
DA:29,21
DA:32,21
DA:33,2
DA:35,19
DA:39,1
DA:40,14
DA:69,14
DA:72,14
DA:82,1
DA:83,14
DA:98,14
DA:100,14
DA:110,1
DA:111,14
DA:125,14
DA:127,14
DA:136,1
DA:137,14
DA:139,14
DA:147,1
DA:148,14
DA:149,14
DA:150,18
DA:152,9
DA:153,9
DA:161,9
DA:165,14
DA:168,1
DA:169,3
DA:170,3
DA:172,3
DA:175,1
DA:176,14
DA:196,14
DA:199,14
DA:200,14
DA:201,18
DA:207,18
DA:211,14
DA:217,1
DA:218,14
DA:229,14
DA:231,14
DA:236,1
DA:237,15
DA:239,15
DA:240,14
DA:241,14
DA:242,14
DA:243,14
DA:244,14
DA:245,14
DA:248,15
DA:251,1
LF:68
LH:68
BRDA:8,1,0,0
BRDA:8,1,1,23
BRDA:11,2,0,15
BRDA:11,2,1,8
BRDA:13,3,0,2
BRDA:13,3,1,6
BRDA:25,4,0,9
BRDA:25,4,1,12
BRDA:32,5,0,2
BRDA:32,5,1,19
BRDA:149,6,0,9
BRDA:149,6,1,5
BRDA:150,7,0,18
BRDA:150,7,1,18
BRDA:169,8,0,0
BRDA:169,8,1,3
BRDA:199,9,0,14
BRDA:199,9,1,0
BRDA:239,10,0,14
BRDA:239,10,1,1
BRF:20
BRH:17
end_of_record
TN:
SF:/Users/eightshapeskevin/Sites/esds-build/default_templates/eightshapes-build-tools-config-default.js
FN:11,makeSafeForCss
FNF:1
FNH:1
FNDA:1,makeSafeForCss
DA:2,1
DA:7,1
DA:11,1
DA:12,1
DA:13,1
DA:14,0
DA:16,1
DA:19,1
DA:20,1
DA:21,1
DA:22,1
DA:25,1
LF:12
LH:11
BRDA:19,1,0,1
BRDA:19,1,1,0
BRF:2
BRH:1
end_of_record
TN:
SF:/Users/eightshapeskevin/Sites/esds-build/tasks/tokens.js
FN:14,tokensToJson
FN:30,interpolateYamlVariables
FN:34,(anonymous_3)
FN:39,(anonymous_4)
FN:50,tokensSourceFileExists
FN:60,writeTokensJsonFile
FN:75,writeTokensScssFile
FN:96,convertTokensYaml
FN:117,(anonymous_9)
FN:121,(anonymous_10)
FNF:10
FNH:4
FNDA:2,tokensToJson
FNDA:2,interpolateYamlVariables
FNDA:0,(anonymous_3)
FNDA:0,(anonymous_4)
FNDA:1,tokensSourceFileExists
FNDA:0,writeTokensJsonFile
FNDA:0,writeTokensScssFile
FNDA:1,convertTokensYaml
FNDA:0,(anonymous_9)
FNDA:0,(anonymous_10)
DA:3,1
DA:14,1
DA:15,2
DA:17,2
DA:18,2
DA:19,2
DA:20,2
DA:21,0
DA:25,0
DA:27,2
DA:30,1
DA:31,2
DA:32,2
DA:34,2
DA:35,0
DA:39,0
DA:40,0
DA:41,0
DA:42,0
DA:45,0
DA:47,2
DA:50,1
DA:51,1
DA:52,0
DA:55,1
DA:56,1
DA:60,1
DA:61,0
DA:64,0
DA:65,0
DA:68,0
DA:69,0
DA:72,0
DA:75,1
DA:76,0
DA:78,0
DA:83,0
DA:84,0
DA:86,0
DA:87,0
DA:89,0
DA:91,0
DA:93,0
DA:96,1
DA:97,1
DA:98,0
DA:99,0
DA:100,0
DA:102,0
DA:103,0
DA:104,0
DA:106,0
DA:107,0
DA:108,0
DA:111,0
DA:113,1
DA:117,1
DA:118,0
DA:121,1
DA:122,0
DA:125,1
LF:61
LH:25
BRDA:20,1,0,0
BRDA:20,1,1,2
BRDA:20,2,0,2
BRDA:20,2,1,1
BRDA:40,3,0,0
BRDA:40,3,1,0
BRDA:51,4,0,0
BRDA:51,4,1,1
BRDA:68,5,0,0
BRDA:68,5,1,0
BRDA:86,6,0,0
BRDA:86,6,1,0
BRDA:86,7,0,0
BRDA:86,7,1,0
BRDA:97,8,0,0
BRDA:97,8,1,1
BRDA:100,9,0,0
BRDA:100,9,1,0
BRF:18
BRH:5
end_of_record
TN:
SF:/Users/eightshapeskevin/Sites/esds-build/tasks/generate.js
FN:13,createTopLevelDirectories
FN:35,copyDefaultConfig
FN:42,(anonymous_3)
FN:47,(anonymous_4)
FN:53,generateComponentFiles
FN:101,(anonymous_6)
FN:114,(anonymous_7)
FNF:7
FNH:3
FNDA:1,createTopLevelDirectories
FNDA:1,copyDefaultConfig
FNDA:0,(anonymous_3)
FNDA:0,(anonymous_4)
FNDA:1,generateComponentFiles
FNDA:0,(anonymous_6)
FNDA:0,(anonymous_7)
DA:3,1
DA:13,1
DA:15,1
DA:29,11
DA:31,1
DA:32,1
DA:35,1
DA:36,1
DA:38,1
DA:39,1
DA:42,1
DA:43,0
DA:44,0
DA:47,1
DA:48,0
DA:49,0
DA:53,1
DA:54,1
DA:64,1
DA:66,0
DA:69,1
DA:72,1
DA:74,1
DA:75,1
DA:78,1
DA:79,1
DA:82,1
DA:83,1
DA:84,1
DA:88,1
DA:90,1
DA:91,1
DA:93,1
DA:94,1
DA:96,1
DA:101,1
DA:102,0
DA:114,0
DA:115,0
DA:116,0
DA:121,1
LF:41
LH:32
BRDA:64,1,0,0
BRDA:64,1,1,1
BRDA:82,2,0,1
BRDA:82,2,1,0
BRDA:90,3,0,1
BRDA:90,3,1,0
BRF:6
BRH:3
end_of_record
TN:
SF:/Users/eightshapeskevin/Sites/esds-build/tasks/scripts.js
FN:20,getLintOptions
FN:33,generateConcatenateTask
FN:34,(anonymous_3)
FN:42,generateLintTask
FN:45,(anonymous_5)
FN:52,generateBuildTask
FN:56,generateWatchTask
FN:57,(anonymous_8)
FN:63,(anonymous_9)
FNF:9
FNH:6
FNDA:2,getLintOptions
FNDA:1,generateConcatenateTask
FNDA:0,(anonymous_3)
FNDA:1,generateLintTask
FNDA:0,(anonymous_5)
FNDA:1,generateBuildTask
FNDA:1,generateWatchTask
FNDA:0,(anonymous_8)
FNDA:1,(anonymous_9)
DA:3,1
DA:15,1
DA:16,1
DA:17,1
DA:18,1
DA:20,1
DA:21,2
DA:22,2
DA:23,2
DA:25,2
DA:27,1
DA:28,1
DA:30,2
DA:33,1
DA:34,1
DA:35,0
DA:42,1
DA:43,1
DA:45,1
DA:46,0
DA:52,1
DA:53,1
DA:56,1
DA:57,1
DA:58,0
DA:63,1
DA:64,1
DA:65,1
DA:66,1
DA:67,1
DA:71,1
DA:74,1
DA:77,1
DA:80,1
DA:82,1
LF:35
LH:32
BRDA:22,1,0,2
BRDA:22,1,1,0
BRDA:25,2,0,1
BRDA:25,2,1,1
BRDA:25,3,0,2
BRDA:25,3,1,2
BRF:6
BRH:5
end_of_record
TN:
SF:/Users/eightshapeskevin/Sites/esds-build/tasks/styles.js
FN:26,getLintOptions
FN:39,generateLintTask
FN:42,(anonymous_3)
FN:49,generateCompileTask
FN:56,(anonymous_5)
FN:64,generatePostprocessTask
FN:65,(anonymous_7)
FN:80,generateWatchTask
FN:81,(anonymous_9)
FN:86,generateBuildTask
FN:95,(anonymous_11)
FNF:11
FNH:7
FNDA:2,getLintOptions
FNDA:1,generateLintTask
FNDA:0,(anonymous_3)
FNDA:1,generateCompileTask
FNDA:0,(anonymous_5)
FNDA:1,generatePostprocessTask
FNDA:0,(anonymous_7)
FNDA:1,generateWatchTask
FNDA:0,(anonymous_9)
FNDA:1,generateBuildTask
FNDA:1,(anonymous_11)
DA:3,1
DA:21,1
DA:22,1
DA:23,1
DA:24,1
DA:26,1
DA:27,2
DA:28,2
DA:29,2
DA:31,2
DA:33,1
DA:34,1
DA:36,2
DA:39,1
DA:40,1
DA:42,1
DA:43,0
DA:49,1
DA:50,1
DA:52,1
DA:53,1
DA:56,1
DA:57,0
DA:64,1
DA:65,1
DA:66,0
DA:67,0
DA:68,0
DA:71,0
DA:74,0
DA:80,1
DA:81,1
DA:82,0
DA:86,1
DA:87,1
DA:95,1
DA:96,1
DA:98,1
DA:99,1
DA:102,1
DA:103,1
DA:104,1
DA:105,1
DA:109,1
DA:112,1
DA:115,1
DA:118,1
DA:121,1
DA:122,1
DA:124,1
LF:50
LH:42
BRDA:28,1,0,2
BRDA:28,1,1,0
BRDA:31,2,0,1
BRDA:31,2,1,1
BRDA:31,3,0,2
BRDA:31,3,1,2
BRDA:52,4,0,1
BRDA:52,4,1,0
BRDA:67,5,0,0
BRDA:67,5,1,0
BRDA:98,6,0,1
BRDA:98,6,1,0
BRF:12
BRH:7
end_of_record
